<html>
<head>
<title>TestNG:  Default test</title>
<link href="../testng.css" rel="stylesheet" type="text/css" />
<link href="../my-testng.css" rel="stylesheet" type="text/css" />

<style type="text/css">
.log { display: none;} 
.stack-trace { display: none;} 
</style>
<script type="text/javascript">
<!--
function flip(e) {
  current = e.style.display;
  if (current == 'block') {
    e.style.display = 'none';
    return 0;
  }
  else {
    e.style.display = 'block';
    return 1;
  }
}

function toggleBox(szDivId, elem, msg1, msg2)
{
  var res = -1;  if (document.getElementById) {
    res = flip(document.getElementById(szDivId));
  }
  else if (document.all) {
    // this is the way old msie versions work
    res = flip(document.all[szDivId]);
  }
  if(elem) {
    if(res == 0) elem.innerHTML = msg1; else elem.innerHTML = msg2;
  }

}

function toggleAllBoxes() {
  if (document.getElementsByTagName) {
    d = document.getElementsByTagName('div');
    for (i = 0; i < d.length; i++) {
      if (d[i].className == 'log') {
        flip(d[i]);
      }
    }
  }
}

// -->
</script>

</head>
<body>
<h2 align='center'>Default test</h2><table border='1' align="center">
<tr>
<td>Tests passed/Failed/Skipped:</td><td>12/1/0</td>
</tr><tr>
<td>Started on:</td><td>Mon Apr 01 16:57:04 IST 2024</td>
</tr>
<tr><td>Total time:</td><td>69 seconds (69317 ms)</td>
</tr><tr>
<td>Included groups:</td><td></td>
</tr><tr>
<td>Excluded groups:</td><td></td>
</tr>
</table><p/>
<small><i>(Hover the method name to see the test class name)</i></small><p/>
<table width='100%' border='1' class='invocation-failed'>
<tr><td colspan='4' align='center'><b>FAILED TESTS</b></td></tr>
<tr><td><b>Test method</b></td>
<td width="30%"><b>Exception</b></td>
<td width="10%"><b>Time (seconds)</b></td>
<td><b>Instance</b></td>
</tr>
<tr>
<td title='runner.TestRunner.runScenario()'><b>runScenario</b><br>Test class: runner.TestRunner<br>Test method: Runs Cucumber Scenarios<br>Parameters: "Ordering any product", "Placing the order for an product"</td>
<td><div><pre>java.lang.NullPointerException: Cannot invoke &quot;pages.PlacingOrderPage.hoverOnDesktopButton()&quot; because &quot;this.placingAnOrderPage&quot; is null
	at stepdefinitions.PlacingAnOrder.user_select_the_product_category(PlacingAnOrder.java:23)
	at ✽.User select the product category(file:///C:/Users/Hp-D/eclipse-workspace/BDD_UI_Test_Framework/src/test/resources/features/PlacingAnOrder.feature:38)
</pre></div><a href='#' onClick='toggleBox("stack-trace677705863", this, "Click to show all stack frames", "Click to hide stack frames")'>Click to show all stack frames</a>
<div class='stack-trace' id='stack-trace677705863'><pre>java.lang.NullPointerException: Cannot invoke &quot;pages.PlacingOrderPage.hoverOnDesktopButton()&quot; because &quot;this.placingAnOrderPage&quot; is null
	at stepdefinitions.PlacingAnOrder.user_select_the_product_category(PlacingAnOrder.java:23)
	at ✽.User select the product category(file:///C:/Users/Hp-D/eclipse-workspace/BDD_UI_Test_Framework/src/test/resources/features/PlacingAnOrder.feature:38)
</pre></div></td>
<td>4</td>
<td>runner.TestRunner@196a42c3</td></tr>
</table><p>
<table width='100%' border='1' class='invocation-passed'>
<tr><td colspan='4' align='center'><b>PASSED TESTS</b></td></tr>
<tr><td><b>Test method</b></td>
<td width="30%"><b>Exception</b></td>
<td width="10%"><b>Time (seconds)</b></td>
<td><b>Instance</b></td>
</tr>
<tr>
<td title='runner.TestRunner.runScenario()'><b>runScenario</b><br>Test class: runner.TestRunner<br>Test method: Runs Cucumber Scenarios<br>Parameters: "Login with valid email and invalid password", "Login functionality"</td>
<td></td>
<td>4</td>
<td>runner.TestRunner@196a42c3</td></tr>
<tr>
<td title='runner.TestRunner.runScenario()'><b>runScenario</b><br>Test class: runner.TestRunner<br>Test method: Runs Cucumber Scenarios<br>Parameters: "User creates an account without filling any details", "Registration functionality"</td>
<td></td>
<td>4</td>
<td>runner.TestRunner@196a42c3</td></tr>
<tr>
<td title='runner.TestRunner.runScenario()'><b>runScenario</b><br>Test class: runner.TestRunner<br>Test method: Runs Cucumber Scenarios<br>Parameters: "User searches for a valid product", "Search functionality"</td>
<td></td>
<td>3</td>
<td>runner.TestRunner@196a42c3</td></tr>
<tr>
<td title='runner.TestRunner.runScenario()'><b>runScenario</b><br>Test class: runner.TestRunner<br>Test method: Runs Cucumber Scenarios<br>Parameters: "User creates a duplicate account", "Registration functionality"</td>
<td></td>
<td>4</td>
<td>runner.TestRunner@196a42c3</td></tr>
<tr>
<td title='runner.TestRunner.runScenario()'><b>runScenario</b><br>Test class: runner.TestRunner<br>Test method: Runs Cucumber Scenarios<br>Parameters: "Login with invalid credentials", "Login functionality"</td>
<td></td>
<td>4</td>
<td>runner.TestRunner@196a42c3</td></tr>
<tr>
<td title='runner.TestRunner.runScenario()'><b>runScenario</b><br>Test class: runner.TestRunner<br>Test method: Runs Cucumber Scenarios<br>Parameters: "User creates an account with all fields", "Registration functionality"</td>
<td></td>
<td>4</td>
<td>runner.TestRunner@196a42c3</td></tr>
<tr>
<td title='runner.TestRunner.runScenario()'><b>runScenario</b><br>Test class: runner.TestRunner<br>Test method: Runs Cucumber Scenarios<br>Parameters: "Login without providing any credentails", "Login functionality"</td>
<td></td>
<td>3</td>
<td>runner.TestRunner@196a42c3</td></tr>
<tr>
<td title='runner.TestRunner.runScenario()'><b>runScenario</b><br>Test class: runner.TestRunner<br>Test method: Runs Cucumber Scenarios<br>Parameters: "Login with invalid email and valid password", "Login functionality"</td>
<td></td>
<td>3</td>
<td>runner.TestRunner@196a42c3</td></tr>
<tr>
<td title='runner.TestRunner.runScenario()'><b>runScenario</b><br>Test class: runner.TestRunner<br>Test method: Runs Cucumber Scenarios<br>Parameters: "Login with valid credentials", "Login functionality"</td>
<td></td>
<td>11</td>
<td>runner.TestRunner@196a42c3</td></tr>
<tr>
<td title='runner.TestRunner.runScenario()'><b>runScenario</b><br>Test class: runner.TestRunner<br>Test method: Runs Cucumber Scenarios<br>Parameters: "User searches for an invalid product", "Search functionality"</td>
<td></td>
<td>3</td>
<td>runner.TestRunner@196a42c3</td></tr>
<tr>
<td title='runner.TestRunner.runScenario()'><b>runScenario</b><br>Test class: runner.TestRunner<br>Test method: Runs Cucumber Scenarios<br>Parameters: "User creates an account only with mandatory fields", "Registration functionality"</td>
<td></td>
<td>9</td>
<td>runner.TestRunner@196a42c3</td></tr>
<tr>
<td title='runner.TestRunner.runScenario()'><b>runScenario</b><br>Test class: runner.TestRunner<br>Test method: Runs Cucumber Scenarios<br>Parameters: "User searches without any product", "Search functionality"</td>
<td></td>
<td>2</td>
<td>runner.TestRunner@196a42c3</td></tr>
</table><p>
</body>
</html>