<?xml version="1.0" encoding="UTF-8"?>
<!-- Generated by org.testng.reporters.JUnitXMLReporter -->
<testsuite ignored="0" hostname="Mayavi" failures="1" tests="13" name="Default test" time="69.317" errors="0" timestamp="2024-04-01T16:58:13 IST">
  <testcase classname="io.cucumber.testng.AbstractTestNGCucumberTests" name="runScenario" time="11.083"/>
  <testcase classname="io.cucumber.testng.AbstractTestNGCucumberTests" name="runScenario" time="4.035"/>
  <testcase classname="io.cucumber.testng.AbstractTestNGCucumberTests" name="runScenario" time="4.025"/>
  <testcase classname="io.cucumber.testng.AbstractTestNGCucumberTests" name="runScenario" time="3.998"/>
  <testcase classname="io.cucumber.testng.AbstractTestNGCucumberTests" name="runScenario" time="3.863"/>
  <testcase classname="io.cucumber.testng.AbstractTestNGCucumberTests" name="runScenario" time="4.022">
    <failure type="java.lang.NullPointerException" message="Cannot invoke &amp;quot;pages.PlacingOrderPage.hoverOnDesktopButton()&amp;quot; because &amp;quot;this.placingAnOrderPage&amp;quot; is null">
      <![CDATA[java.lang.NullPointerException: Cannot invoke "pages.PlacingOrderPage.hoverOnDesktopButton()" because "this.placingAnOrderPage" is null
at stepdefinitions.PlacingAnOrder.user_select_the_product_category(PlacingAnOrder.java:23)
at âœ½.User select the product category(file:///C:/Users/Hp-D/eclipse-workspace/BDD_UI_Test_Framework/src/test/resources/features/PlacingAnOrder.feature:38)
]]>
    </failure>
  </testcase> <!-- runScenario -->
  <testcase classname="io.cucumber.testng.AbstractTestNGCucumberTests" name="runScenario" time="9.844"/>
  <testcase classname="io.cucumber.testng.AbstractTestNGCucumberTests" name="runScenario" time="4.997"/>
  <testcase classname="io.cucumber.testng.AbstractTestNGCucumberTests" name="runScenario" time="4.783"/>
  <testcase classname="io.cucumber.testng.AbstractTestNGCucumberTests" name="runScenario" time="4.945"/>
  <testcase classname="io.cucumber.testng.AbstractTestNGCucumberTests" name="runScenario" time="3.113"/>
  <testcase classname="io.cucumber.testng.AbstractTestNGCucumberTests" name="runScenario" time="3.003"/>
  <testcase classname="io.cucumber.testng.AbstractTestNGCucumberTests" name="runScenario" time="2.701"/>
</testsuite> <!-- Default test -->
