<?xml version="1.0" encoding="UTF-8"?>
<!-- Generated by org.testng.reporters.JUnitReportReporter -->
<testsuite hostname="Mayavi" failures="0" tests="13" name="runner.TestRunner" time="64.412" errors="1" timestamp="2024-04-01T16:58:13 IST" skipped="0">
  <testcase classname="runner.TestRunner" name="runScenario" time="4.025"/>
  <system-out/>
  <testcase classname="runner.TestRunner" name="runScenario" time="4.945"/>
  <system-out/>
  <testcase classname="runner.TestRunner" name="runScenario" time="3.113"/>
  <system-out/>
  <testcase classname="runner.TestRunner" name="runScenario" time="4.022">
    <error message="Cannot invoke &quot;pages.PlacingOrderPage.hoverOnDesktopButton()&quot; because &quot;this.placingAnOrderPage&quot; is null" type="java.lang.NullPointerException">
      <![CDATA[java.lang.NullPointerException: Cannot invoke "pages.PlacingOrderPage.hoverOnDesktopButton()" because "this.placingAnOrderPage" is null
at stepdefinitions.PlacingAnOrder.user_select_the_product_category(PlacingAnOrder.java:23)
at âœ½.User select the product category(file:///C:/Users/Hp-D/eclipse-workspace/BDD_UI_Test_Framework/src/test/resources/features/PlacingAnOrder.feature:38)
]]>
    </error>
  </testcase> <!-- runScenario -->
  <system-out/>
  <testcase classname="runner.TestRunner" name="runScenario" time="4.783"/>
  <system-out/>
  <testcase classname="runner.TestRunner" name="runScenario" time="4.035"/>
  <system-out/>
  <testcase classname="runner.TestRunner" name="runScenario" time="4.997"/>
  <system-out/>
  <testcase classname="runner.TestRunner" name="runScenario" time="3.863"/>
  <system-out/>
  <testcase classname="runner.TestRunner" name="runScenario" time="3.998"/>
  <system-out/>
  <testcase classname="runner.TestRunner" name="runScenario" time="11.083"/>
  <system-out/>
  <testcase classname="runner.TestRunner" name="runScenario" time="3.003"/>
  <system-out/>
  <testcase classname="runner.TestRunner" name="runScenario" time="9.844"/>
  <system-out/>
  <testcase classname="runner.TestRunner" name="runScenario" time="2.701"/>
  <system-out/>
</testsuite> <!-- runner.TestRunner -->
